npm WARN ERESOLVE overriding peer dependency
npm WARN ERESOLVE overriding peer dependency
npm WARN While resolving: react-inspector@5.1.1
npm WARN Found: react@18.2.0
npm WARN node_modules/react
npm WARN   peer react@">=16.8.0" from @emotion/use-insertion-effect-with-fallbacks@1.0.1
npm WARN   node_modules/@emotion/use-insertion-effect-with-fallbacks
npm WARN     @emotion/use-insertion-effect-with-fallbacks@"^1.0.0" from @storybook/theming@7.6.4
npm WARN     node_modules/@storybook/addon-docs/node_modules/@storybook/theming
npm WARN     2 more (@storybook/theming, @storybook/theming)
npm WARN   91 more (@floating-ui/react-dom, @mdx-js/react, ...)
npm WARN 
npm WARN Could not resolve dependency:
npm WARN peer react@"^16.8.4 || ^17.0.0" from react-inspector@5.1.1
npm WARN node_modules/react-inspector
npm WARN   react-inspector@"^5.1.0" from @storybook/addon-actions@6.5.16
npm WARN   node_modules/@storybook/addon-actions
npm WARN 
npm WARN Conflicting peer dependency: react@17.0.2
npm WARN node_modules/react
npm WARN   peer react@"^16.8.4 || ^17.0.0" from react-inspector@5.1.1
npm WARN   node_modules/react-inspector
npm WARN     react-inspector@"^5.1.0" from @storybook/addon-actions@6.5.16
npm WARN     node_modules/@storybook/addon-actions
npm ERR! code ETARGET
npm ERR! notarget No matching version found for @storybook/addon-mdx-gfm@^6.5.16.
npm ERR! notarget In most cases you or one of your dependencies are requesting
npm ERR! notarget a package version that doesn't exist.

npm ERR! A complete log of this run can be found in: /Users/henpaihsu/.npm/_logs/2023-12-12T11_24_52_966Z-debug-0.log
